-------------------------------------------------------------------------------
Test set: Search and Place the order for Products
-------------------------------------------------------------------------------
Tests run: 3, Failures: 0, Errors: 3, Skipped: 0, Time elapsed: 11.103 s <<< FAILURE! - in Search and Place the order for Products
Search and Place the order for Products.Search experience for Home page and Offers page. #1  Time elapsed: 10.955 s  <<< ERROR!
org.openqa.selenium.NoSuchSessionException: 
invalid session id: session deleted as the browser has closed the connection
from disconnected: not connected to DevTools
  (Session info: chrome=148.0.7778.168)
Build info: version: '4.43.0', revision: 'dd0f534'
System info: os.name: 'Windows 11', os.arch: 'amd64', os.version: '10.0', java.version: '19.0.1'
Driver info: org.openqa.selenium.chrome.ChromeDriver
Command: [ab624f98543c094dab2811ca78249853, switchToWindow {handle=B84E2C82309156DA860406CA5BBB0B78}]
Capabilities {acceptInsecureCerts: false, browserName: chrome, browserVersion: 148.0.7778.168, chrome: {chromedriverVersion: 148.0.7778.167 (65db666ac2c..., userDataDir: C:\Users\venu\AppData\Local...}, fedcm:accounts: true, goog:chromeOptions: {debuggerAddress: localhost:64382}, goog:processID: 8648, networkConnectionEnabled: false, pageLoadStrategy: normal, platformName: windows, proxy: Proxy(), se:cdp: ws://localhost:64382/devtoo..., se:cdpVersion: 148.0.7778.168, setWindowRect: true, strictFileInteractability: false, timeouts: {implicit: 0, pageLoad: 300000, script: 30000}, unhandledPromptBehavior: dismiss and notify, webauthn:extension:credBlob: true, webauthn:extension:largeBlob: true, webauthn:extension:minPinLength: true, webauthn:extension:prf: true, webauthn:virtualAuthenticators: true}
Session ID: ab624f98543c094dab2811ca78249853

Search and Place the order for Products.Search experience for Home page and Offers page. #2  Time elapsed: 0.146 s  <<< ERROR!
org.openqa.selenium.SessionNotCreatedException: 
Could not start a new session. Possible causes are invalid address of the remote server or browser start-up failure. 
Host info: host: 'DESKTOP-E5D4ARN', ip: '192.168.1.18'
Caused by: org.openqa.selenium.WebDriverException: 
Driver server process died prematurely, exit value: -1073741523
Build info: version: '4.43.0', revision: 'dd0f534'
System info: os.name: 'Windows 11', os.arch: 'amd64', os.version: '10.0', java.version: '19.0.1'
Driver info: driver.version: ChromeDriver

Search and Place the order for Products.Search experience for Home page and Offers page. #2  Time elapsed: 0 s  <<< ERROR!
org.openqa.selenium.SessionNotCreatedException: 
Could not start a new session. Possible causes are invalid address of the remote server or browser start-up failure. Cannot run program "C:\Users\venu\eclipse-workspace\CucumberFrameworkJunit//src//test//resources//chromedriver.exe": CreateProcess error=1455, The paging file is too small for this operation to complete 
Host info: host: 'DESKTOP-E5D4ARN', ip: '192.168.1.18'
Build info: version: '4.43.0', revision: 'dd0f534'
System info: os.name: 'Windows 11', os.arch: 'amd64', os.version: '10.0', java.version: '19.0.1'
Driver info: org.openqa.selenium.chrome.ChromeDriver
Command: [null, newSession {capabilities=[Capabilities {browserName: chrome, goog:chromeOptions: {args: [], extensions: []}}]}]
Caused by: java.io.UncheckedIOException: java.io.IOException: Cannot run program "C:\Users\venu\eclipse-workspace\CucumberFrameworkJunit//src//test//resources//chromedriver.exe": CreateProcess error=1455, The paging file is too small for this operation to complete
Caused by: java.io.IOException: Cannot run program "C:\Users\venu\eclipse-workspace\CucumberFrameworkJunit//src//test//resources//chromedriver.exe": CreateProcess error=1455, The paging file is too small for this operation to complete
Caused by: java.io.IOException: CreateProcess error=1455, The paging file is too small for this operation to complete

