<?xml version="1.0" encoding="UTF-8"?>
<testsuite xmlns:xsi="http://www.w3.org/2001/XMLSchema-instance" xsi:noNamespaceSchemaLocation="https://maven.apache.org/surefire/maven-surefire-plugin/xsd/surefire-test-report-3.0.xsd" version="3.0" name="Search and Place the order for Products" time="11.103" tests="3" errors="3" skipped="0" failures="0">
  <properties>
[...]
</properties>
  <testcase name="Search experience for Home page and Offers page. #1" classname="Search and Place the order for Products" time="10.955">
    <error message="invalid session id: session deleted as the browser has closed the connection&#10;from disconnected: not connected to DevTools&#10;  (Session info: chrome=148.0.7778.168)&#10;Build info: version: &apos;4.43.0&apos;, revision: &apos;dd0f534&apos;&#10;System info: os.name: &apos;Windows 11&apos;, os.arch: &apos;amd64&apos;, os.version: &apos;10.0&apos;, java.version: &apos;19.0.1&apos;&#10;Driver info: org.openqa.selenium.chrome.ChromeDriver&#10;Command: [ab624f98543c094dab2811ca78249853, switchToWindow {handle=B84E2C82309156DA860406CA5BBB0B78}]&#10;Capabilities {acceptInsecureCerts: false, browserName: chrome, browserVersion: 148.0.7778.168, chrome: {chromedriverVersion: 148.0.7778.167 (65db666ac2c..., userDataDir: C:\Users\venu\AppData\Local...}, fedcm:accounts: true, goog:chromeOptions: {debuggerAddress: localhost:64382}, goog:processID: 8648, networkConnectionEnabled: false, pageLoadStrategy: normal, platformName: windows, proxy: Proxy(), se:cdp: ws://localhost:64382/devtoo..., se:cdpVersion: 148.0.7778.168, setWindowRect: true, strictFileInteractability: false, timeouts: {implicit: 0, pageLoad: 300000, script: 30000}, unhandledPromptBehavior: dismiss and notify, webauthn:extension:credBlob: true, webauthn:extension:largeBlob: true, webauthn:extension:minPinLength: true, webauthn:extension:prf: true, webauthn:virtualAuthenticators: true}&#10;Session ID: ab624f98543c094dab2811ca78249853" type="org.openqa.selenium.NoSuchSessionException"><![CDATA[org.openqa.selenium.NoSuchSessionException: 
invalid session id: session deleted as the browser has closed the connection
from disconnected: not connected to DevTools
  (Session info: chrome=148.0.7778.168)
Build info: version: '4.43.0', revision: 'dd0f534'
System info: os.name: 'Windows 11', os.arch: 'amd64', os.version: '10.0', java.version: '19.0.1'
Driver info: org.openqa.selenium.chrome.ChromeDriver
Command: [ab624f98543c094dab2811ca78249853, switchToWindow {handle=B84E2C82309156DA860406CA5BBB0B78}]
Capabilities {acceptInsecureCerts: false, browserName: chrome, browserVersion: 148.0.7778.168, chrome: {chromedriverVersion: 148.0.7778.167 (65db666ac2c..., userDataDir: C:\Users\venu\AppData\Local...}, fedcm:accounts: true, goog:chromeOptions: {debuggerAddress: localhost:64382}, goog:processID: 8648, networkConnectionEnabled: false, pageLoadStrategy: normal, platformName: windows, proxy: Proxy(), se:cdp: ws://localhost:64382/devtoo..., se:cdpVersion: 148.0.7778.168, setWindowRect: true, strictFileInteractability: false, timeouts: {implicit: 0, pageLoad: 300000, script: 30000}, unhandledPromptBehavior: dismiss and notify, webauthn:extension:credBlob: true, webauthn:extension:largeBlob: true, webauthn:extension:minPinLength: true, webauthn:extension:prf: true, webauthn:virtualAuthenticators: true}
Session ID: ab624f98543c094dab2811ca78249853
]]></error>
    <system-out><![CDATA[Browser opened
Home Page Product: Tomato
Browser closed
]]></system-out>
    <system-err><![CDATA[May 17, 2026 11:52:02 PM org.openqa.selenium.devtools.CdpVersionFinder findNearestMatch
WARNING: Unable to find an exact match for CDP version 148, returning the closest version; found: 147; Please update to a Selenium version that supports CDP version 148
]]></system-err>
  </testcase>
  <testcase name="Search experience for Home page and Offers page. #2" classname="Search and Place the order for Products" time="0.146">
    <error message="Could not start a new session. Possible causes are invalid address of the remote server or browser start-up failure. &#10;Host info: host: &apos;DESKTOP-E5D4ARN&apos;, ip: &apos;192.168.1.18&apos;" type="org.openqa.selenium.SessionNotCreatedException"><![CDATA[org.openqa.selenium.SessionNotCreatedException: 
Could not start a new session. Possible causes are invalid address of the remote server or browser start-up failure. 
Host info: host: 'DESKTOP-E5D4ARN', ip: '192.168.1.18'
Caused by: org.openqa.selenium.WebDriverException: 
Driver server process died prematurely, exit value: -1073741523
Build info: version: '4.43.0', revision: 'dd0f534'
System info: os.name: 'Windows 11', os.arch: 'amd64', os.version: '10.0', java.version: '19.0.1'
Driver info: driver.version: ChromeDriver
]]></error>
  </testcase>
  <testcase name="Search experience for Home page and Offers page. #2" classname="Search and Place the order for Products" time="0">
    <error message="Could not start a new session. Possible causes are invalid address of the remote server or browser start-up failure. Cannot run program &quot;C:\Users\venu\eclipse-workspace\CucumberFrameworkJunit//src//test//resources//chromedriver.exe&quot;: CreateProcess error=1455, The paging file is too small for this operation to complete &#10;Host info: host: &apos;DESKTOP-E5D4ARN&apos;, ip: &apos;192.168.1.18&apos;&#10;Build info: version: &apos;4.43.0&apos;, revision: &apos;dd0f534&apos;&#10;System info: os.name: &apos;Windows 11&apos;, os.arch: &apos;amd64&apos;, os.version: &apos;10.0&apos;, java.version: &apos;19.0.1&apos;&#10;Driver info: org.openqa.selenium.chrome.ChromeDriver&#10;Command: [null, newSession {capabilities=[Capabilities {browserName: chrome, goog:chromeOptions: {args: [], extensions: []}}]}]" type="org.openqa.selenium.SessionNotCreatedException"><![CDATA[org.openqa.selenium.SessionNotCreatedException: 
Could not start a new session. Possible causes are invalid address of the remote server or browser start-up failure. Cannot run program "C:\Users\venu\eclipse-workspace\CucumberFrameworkJunit//src//test//resources//chromedriver.exe": CreateProcess error=1455, The paging file is too small for this operation to complete 
Host info: host: 'DESKTOP-E5D4ARN', ip: '192.168.1.18'
Build info: version: '4.43.0', revision: 'dd0f534'
System info: os.name: 'Windows 11', os.arch: 'amd64', os.version: '10.0', java.version: '19.0.1'
Driver info: org.openqa.selenium.chrome.ChromeDriver
Command: [null, newSession {capabilities=[Capabilities {browserName: chrome, goog:chromeOptions: {args: [], extensions: []}}]}]
Caused by: java.io.UncheckedIOException: java.io.IOException: Cannot run program "C:\Users\venu\eclipse-workspace\CucumberFrameworkJunit//src//test//resources//chromedriver.exe": CreateProcess error=1455, The paging file is too small for this operation to complete
Caused by: java.io.IOException: Cannot run program "C:\Users\venu\eclipse-workspace\CucumberFrameworkJunit//src//test//resources//chromedriver.exe": CreateProcess error=1455, The paging file is too small for this operation to complete
Caused by: java.io.IOException: CreateProcess error=1455, The paging file is too small for this operation to complete
]]></error>
  </testcase>
</testsuite>