<?xml version="1.0" encoding="UTF-8"?>
<!-- Generated by org.testng.reporters.JUnitReportReporter -->
<testsuite hostname="DESKTOP-E5D4ARN" failures="1" tests="1" name="cucumberOptions.FailedScenariosTestRunner" time="7.953" errors="0" timestamp="2026-05-14T14:46:57 IST" skipped="0">
  <testcase classname="cucumberOptions.FailedScenariosTestRunner" name="runScenario" time="7.953">
    <failure message="expected [No data] but found [Beetroot]" type="java.lang.AssertionError">
      <![CDATA[java.lang.AssertionError: expected [No data] but found [Beetroot]
at org.testng.Assert.fail(Assert.java:111)
at org.testng.Assert.failNotEquals(Assert.java:1590)
at org.testng.Assert.assertEqualsImpl(Assert.java:150)
at org.testng.Assert.assertEquals(Assert.java:132)
at org.testng.Assert.assertEquals(Assert.java:656)
at org.testng.Assert.assertEquals(Assert.java:666)
at stepDefinitions.OffersPageStepDefinitions.user_seached_with_same_name_in_the_offers_page_and_validated_the_product_exists(OffersPageStepDefinitions.java:34)
at ✽.User seached with same name Beet in the offers page and validated the product exists(file:///C:/Users/venu/eclipse-workspace/CucumberFramework/src/test/java/features/First_File.feature:7)
]]>
    </failure>
  </testcase> <!-- runScenario -->
</testsuite> <!-- cucumberOptions.FailedScenariosTestRunner -->
